<?xml version="1.0" encoding="UTF-8"?>
<!-- Generated by org.testng.reporters.JUnitReportReporter -->
<testsuite hostname="Prachi" failures="0" tests="5" name="com.orangehrm.test.OrangeHRMTestCases" time="30.228" errors="0" timestamp="2025-09-08T16:55:56 IST" skipped="4">
  <testcase classname="com.orangehrm.test.OrangeHRMTestCases" name="searchEmployeeLeaveList" time="30.228"/>
  <testcase classname="com.orangehrm.test.OrangeHRMTestCases" name="verifyloginTestcase1">
    <skipped/>
  </testcase> <!-- verifyloginTestcase1 -->
  <testcase classname="com.orangehrm.test.OrangeHRMTestCases" name="AddingEmployeeTestCase2">
    <skipped/>
  </testcase> <!-- AddingEmployeeTestCase2 -->
  <testcase classname="com.orangehrm.test.OrangeHRMTestCases" name="searchProject">
    <skipped/>
  </testcase> <!-- searchProject -->
  <testcase classname="com.orangehrm.test.OrangeHRMTestCases" name="searchEmployeeQuickTest">
    <skipped/>
  </testcase> <!-- searchEmployeeQuickTest -->
</testsuite> <!-- com.orangehrm.test.OrangeHRMTestCases -->
